<?xml version="1.0" encoding="UTF-8"?>
<!-- Generated by org.testng.reporters.JUnitReportReporter -->
<testsuite hostname="sha-lri-pc-256" name="testdriever.testXiaomiByTagName" tests="1" failures="0" timestamp="17 May 2017 08:41:28 GMT" time="24.987" errors="0">
  <testcase name="Tagname" time="24.987" classname="testdriever.testXiaomiByTagName"/>
</testsuite> <!-- testdriever.testXiaomiByTagName -->
