<?xml version="1.0" encoding="UTF-8"?>
<!-- Generated by org.testng.reporters.JUnitReportReporter -->
<testsuite hostname="sha-lri-pc-256" name="webtest.jQueryLocator" tests="1" failures="0" timestamp="7 Sep 2017 09:30:48 GMT" time="13.086" errors="0">
  <testcase name="JqueryTest" time="13.086" classname="webtest.jQueryLocator"/>
</testsuite> <!-- webtest.jQueryLocator -->
