<?xml version="1.0" encoding="UTF-8"?>
<!-- Generated by org.testng.reporters.JUnitReportReporter -->
<testsuite hostname="admin-PC11" name="TankLearn2.TestNGLearn1" tests="1" failures="0" timestamp="13 Apr 2017 08:09:55 GMT" time="0.004" errors="0">
  <testcase name="TestNgLearn" time="0.004" classname="TankLearn2.TestNGLearn1"/>
</testsuite> <!-- TankLearn2.TestNGLearn1 -->
