<?xml version="1.0" encoding="UTF-8"?>
<!-- Generated by org.testng.reporters.JUnitReportReporter -->
<testsuite hostname="sha-lri-pc-256" name="webtest.Upload" tests="1" failures="0" timestamp="7 Sep 2017 08:05:31 GMT" time="13.404" errors="0">
  <testcase name="UploadTest" time="13.404" classname="webtest.Upload"/>
</testsuite> <!-- webtest.Upload -->
