<?xml version="1.0" encoding="UTF-8"?>
<!-- Generated by org.testng.reporters.JUnitReportReporter -->
<testsuite hostname="sha-lri-pc-256" name="testdriever.Baidu" tests="1" failures="0" timestamp="10 Jul 2017 09:10:10 GMT" time="45.708" errors="1">
  <testcase name="FindBaidu" time="45.708" classname="testdriever.Baidu">
    <error type="org.openqa.selenium.WebDriverException" message="Failed to connect to binary FirefoxBinary(D:\Program Files (x86)\Mozilla Firefox\firefox.exe) on port 7055; process output follows: 
screenshots@mozilla.org version 6.6.0
1499677766578	addons.xpi	DEBUG	Registering manifest for D:\Program Files (x86)\Mozilla Firefox\browser\features\webcompat@mozilla.org.xpi
1499677766578	addons.xpi	DEBUG	Calling bootstrap method startup on webcompat@mozilla.org version 1.1
1499677766581	addons.manager	DEBUG	Registering shutdown blocker for XPIProvider
1499677766582	addons.manager	DEBUG	Provider finished startup: XPIProvider
1499677766582	addons.manager	DEBUG	Starting provider: LightweightThemeManager
1499677766582	addons.manager	DEBUG	Registering shutdown blocker for LightweightThemeManager
1499677766582	addons.manager	DEBUG	Provider finished startup: LightweightThemeManager
1499677766582	addons.manager	DEBUG	Starting provider: GMPProvider
1499677766586	addons.manager	DEBUG	Registering shutdown blocker for GMPProvider
1499677766586	addons.manager	DEBUG	Provider finished startup: GMPProvider
1499677766586	addons.manager	DEBUG	Starting provider: PluginProvider
1499677766586	addons.manager	DEBUG	Registering shutdown blocker for PluginProvider
1499677766586	addons.manager	DEBUG	Provider finished startup: PluginProvider
1499677766587	addons.manager	DEBUG	Completed startup sequence
1499677769331	addons.manager	DEBUG	Starting provider: &lt;unnamed-provider&gt;
1499677769331	addons.manager	DEBUG	Registering shutdown blocker for &lt;unnamed-provider&gt;
1499677769332	addons.manager	DEBUG	Provider finished startup: &lt;unnamed-provider&gt;
1499677769590	DeferredSave.extensions.json	DEBUG	Write succeeded
1499677769590	addons.xpi-utils	DEBUG	XPI Database saved, setting schema version preference to 19
1499677769590	DeferredSave.extensions.json	DEBUG	Starting timer
1499677769597	addons.repository	DEBUG	No addons.json found.
1499677769598	DeferredSave.addons.json	DEBUG	Save changes
1499677769599	DeferredSave.addons.json	DEBUG	Starting timer
1499677769644	addons.manager	DEBUG	Starting provider: PreviousExperimentProvider
1499677769644	addons.manager	DEBUG	Registering shutdown blocker for PreviousExperimentProvider
1499677769644	addons.manager	DEBUG	Provider finished startup: PreviousExperimentProvider
1499677769647	DeferredSave.extensions.json	DEBUG	Starting write
1499677769658	DeferredSave.addons.json	DEBUG	Starting write
1499677769665	DeferredSave.extensions.json	DEBUG	Write succeeded
1499677769670	DeferredSave.addons.json	DEBUG	Write succeeded
1499677800183	addons.xpi	DEBUG	Calling bootstrap method shutdown on webcompat@mozilla.org version 1.1
1499677800184	addons.xpi	DEBUG	Calling bootstrap method shutdown on screenshots@mozilla.org version 6.6.0
1499677800184	addons.xpi	DEBUG	Calling bootstrap method shutdown on firefox@getpocket.com version 1.0.5
1499677800185	addons.xpi	DEBUG	Calling bootstrap method shutdown on e10srollout@mozilla.org version 1.50
1499677800185	addons.xpi	DEBUG	Calling bootstrap method shutdown on aushelper@mozilla.org version 2.0
[GPU 13812] WARNING: pipe error: 109: file c:/builds/moz2_slave/m-rel-w32-00000000000000000000/build/src/ipc/chromium/src/chrome/common/ipc_channel_win.cc, line 346
[Child 9128] WARNING: pipe error: 109: file c:/builds/moz2_slave/m-rel-w32-00000000000000000000/build/src/ipc/chromium/src/chrome/common/ipc_channel_win.cc, line 346
1499677800528	addons.manager	DEBUG	shutdown
1499677800528	addons.manager	DEBUG	Calling shutdown blocker for XPIProvider
1499677800528	addons.xpi	DEBUG	shutdown
1499677800529	addons.xpi-utils	DEBUG	shutdown
1499677800529	addons.manager	DEBUG	Calling shutdown blocker for LightweightThemeManager
1499677800529	addons.manager	DEBUG	Calling shutdown blocker for GMPProvider
1499677800531	addons.manager	DEBUG	Calling shutdown blocker for PluginProvider
1499677800531	addons.manager	DEBUG	Calling shutdown blocker for &lt;unnamed-provider&gt;
1499677800532	addons.manager	DEBUG	Calling shutdown blocker for PreviousExperimentProvider
1499677800534	addons.xpi	DEBUG	Notifying XPI shutdown observers
1499677800536	addons.manager	DEBUG	Async provider shutdown done

###!!! [Child][MessageChannel::SendAndWait] Error: Channel error: cannot send/recv


Build info: version: &#039;2.53.1&#039;, revision: &#039;a36b8b1&#039;, time: &#039;2016-06-30 17:32:46&#039;
System info: host: &#039;sha-lri-pc-256&#039;, ip: &#039;10.20.0.79&#039;, os.name: &#039;Windows 7&#039;, os.arch: &#039;amd64&#039;, os.version: &#039;6.1&#039;, java.version: &#039;1.8.0_91&#039;
Driver info: driver.version: FirefoxDriver">
      <![CDATA[org.openqa.selenium.WebDriverException: Failed to connect to binary FirefoxBinary(D:\Program Files (x86)\Mozilla Firefox\firefox.exe) on port 7055; process output follows: 
screenshots@mozilla.org version 6.6.0
1499677766578	addons.xpi	DEBUG	Registering manifest for D:\Program Files (x86)\Mozilla Firefox\browser\features\webcompat@mozilla.org.xpi
1499677766578	addons.xpi	DEBUG	Calling bootstrap method startup on webcompat@mozilla.org version 1.1
1499677766581	addons.manager	DEBUG	Registering shutdown blocker for XPIProvider
1499677766582	addons.manager	DEBUG	Provider finished startup: XPIProvider
1499677766582	addons.manager	DEBUG	Starting provider: LightweightThemeManager
1499677766582	addons.manager	DEBUG	Registering shutdown blocker for LightweightThemeManager
1499677766582	addons.manager	DEBUG	Provider finished startup: LightweightThemeManager
1499677766582	addons.manager	DEBUG	Starting provider: GMPProvider
1499677766586	addons.manager	DEBUG	Registering shutdown blocker for GMPProvider
1499677766586	addons.manager	DEBUG	Provider finished startup: GMPProvider
1499677766586	addons.manager	DEBUG	Starting provider: PluginProvider
1499677766586	addons.manager	DEBUG	Registering shutdown blocker for PluginProvider
1499677766586	addons.manager	DEBUG	Provider finished startup: PluginProvider
1499677766587	addons.manager	DEBUG	Completed startup sequence
1499677769331	addons.manager	DEBUG	Starting provider: <unnamed-provider>
1499677769331	addons.manager	DEBUG	Registering shutdown blocker for <unnamed-provider>
1499677769332	addons.manager	DEBUG	Provider finished startup: <unnamed-provider>
1499677769590	DeferredSave.extensions.json	DEBUG	Write succeeded
1499677769590	addons.xpi-utils	DEBUG	XPI Database saved, setting schema version preference to 19
1499677769590	DeferredSave.extensions.json	DEBUG	Starting timer
1499677769597	addons.repository	DEBUG	No addons.json found.
1499677769598	DeferredSave.addons.json	DEBUG	Save changes
1499677769599	DeferredSave.addons.json	DEBUG	Starting timer
1499677769644	addons.manager	DEBUG	Starting provider: PreviousExperimentProvider
1499677769644	addons.manager	DEBUG	Registering shutdown blocker for PreviousExperimentProvider
1499677769644	addons.manager	DEBUG	Provider finished startup: PreviousExperimentProvider
1499677769647	DeferredSave.extensions.json	DEBUG	Starting write
1499677769658	DeferredSave.addons.json	DEBUG	Starting write
1499677769665	DeferredSave.extensions.json	DEBUG	Write succeeded
1499677769670	DeferredSave.addons.json	DEBUG	Write succeeded
1499677800183	addons.xpi	DEBUG	Calling bootstrap method shutdown on webcompat@mozilla.org version 1.1
1499677800184	addons.xpi	DEBUG	Calling bootstrap method shutdown on screenshots@mozilla.org version 6.6.0
1499677800184	addons.xpi	DEBUG	Calling bootstrap method shutdown on firefox@getpocket.com version 1.0.5
1499677800185	addons.xpi	DEBUG	Calling bootstrap method shutdown on e10srollout@mozilla.org version 1.50
1499677800185	addons.xpi	DEBUG	Calling bootstrap method shutdown on aushelper@mozilla.org version 2.0
[GPU 13812] WARNING: pipe error: 109: file c:/builds/moz2_slave/m-rel-w32-00000000000000000000/build/src/ipc/chromium/src/chrome/common/ipc_channel_win.cc, line 346
[Child 9128] WARNING: pipe error: 109: file c:/builds/moz2_slave/m-rel-w32-00000000000000000000/build/src/ipc/chromium/src/chrome/common/ipc_channel_win.cc, line 346
1499677800528	addons.manager	DEBUG	shutdown
1499677800528	addons.manager	DEBUG	Calling shutdown blocker for XPIProvider
1499677800528	addons.xpi	DEBUG	shutdown
1499677800529	addons.xpi-utils	DEBUG	shutdown
1499677800529	addons.manager	DEBUG	Calling shutdown blocker for LightweightThemeManager
1499677800529	addons.manager	DEBUG	Calling shutdown blocker for GMPProvider
1499677800531	addons.manager	DEBUG	Calling shutdown blocker for PluginProvider
1499677800531	addons.manager	DEBUG	Calling shutdown blocker for <unnamed-provider>
1499677800532	addons.manager	DEBUG	Calling shutdown blocker for PreviousExperimentProvider
1499677800534	addons.xpi	DEBUG	Notifying XPI shutdown observers
1499677800536	addons.manager	DEBUG	Async provider shutdown done

###!!! [Child][MessageChannel::SendAndWait] Error: Channel error: cannot send/recv


Build info: version: '2.53.1', revision: 'a36b8b1', time: '2016-06-30 17:32:46'
System info: host: 'sha-lri-pc-256', ip: '10.20.0.79', os.name: 'Windows 7', os.arch: 'amd64', os.version: '6.1', java.version: '1.8.0_91'
Driver info: driver.version: FirefoxDriver
	at org.openqa.selenium.firefox.internal.NewProfileExtensionConnection.start(NewProfileExtensionConnection.java:124)
	at org.openqa.selenium.firefox.FirefoxDriver.startClient(FirefoxDriver.java:271)
	at org.openqa.selenium.remote.RemoteWebDriver.<init>(RemoteWebDriver.java:119)
	at org.openqa.selenium.firefox.FirefoxDriver.<init>(FirefoxDriver.java:218)
	at org.openqa.selenium.firefox.FirefoxDriver.<init>(FirefoxDriver.java:211)
	at org.openqa.selenium.firefox.FirefoxDriver.<init>(FirefoxDriver.java:207)
	at org.openqa.selenium.firefox.FirefoxDriver.<init>(FirefoxDriver.java:120)
	at testdriever.Baidu.FindBaidu(Baidu.java:13)
	at sun.reflect.NativeMethodAccessorImpl.invoke0(Native Method)
	at sun.reflect.NativeMethodAccessorImpl.invoke(NativeMethodAccessorImpl.java:62)
	at sun.reflect.DelegatingMethodAccessorImpl.invoke(DelegatingMethodAccessorImpl.java:43)
	at java.lang.reflect.Method.invoke(Method.java:498)
	at org.testng.internal.MethodInvocationHelper.invokeMethod(MethodInvocationHelper.java:85)
	at org.testng.internal.Invoker.invokeMethod(Invoker.java:639)
	at org.testng.internal.Invoker.invokeTestMethod(Invoker.java:816)
	at org.testng.internal.Invoker.invokeTestMethods(Invoker.java:1124)
	at org.testng.internal.TestMethodWorker.invokeTestMethods(TestMethodWorker.java:125)
	at org.testng.internal.TestMethodWorker.run(TestMethodWorker.java:108)
	at org.testng.TestRunner.privateRun(TestRunner.java:774)
	at org.testng.TestRunner.run(TestRunner.java:624)
	at org.testng.SuiteRunner.runTest(SuiteRunner.java:359)
	at org.testng.SuiteRunner.runSequentially(SuiteRunner.java:354)
	at org.testng.SuiteRunner.privateRun(SuiteRunner.java:312)
	at org.testng.SuiteRunner.run(SuiteRunner.java:261)
	at org.testng.SuiteRunnerWorker.runSuite(SuiteRunnerWorker.java:52)
	at org.testng.SuiteRunnerWorker.run(SuiteRunnerWorker.java:86)
	at org.testng.TestNG.runSuitesSequentially(TestNG.java:1215)
	at org.testng.TestNG.runSuitesLocally(TestNG.java:1140)
	at org.testng.TestNG.run(TestNG.java:1048)
	at org.testng.remote.AbstractRemoteTestNG.run(AbstractRemoteTestNG.java:132)
	at org.testng.remote.RemoteTestNG.initAndRun(RemoteTestNG.java:230)
	at org.testng.remote.RemoteTestNG.main(RemoteTestNG.java:76)
Caused by: org.openqa.selenium.firefox.NotConnectedException: Unable to connect to host 127.0.0.1 on port 7055 after 45000 ms. Firefox console output:
screenshots@mozilla.org version 6.6.0
1499677766578	addons.xpi	DEBUG	Registering manifest for D:\Program Files (x86)\Mozilla Firefox\browser\features\webcompat@mozilla.org.xpi
1499677766578	addons.xpi	DEBUG	Calling bootstrap method startup on webcompat@mozilla.org version 1.1
1499677766581	addons.manager	DEBUG	Registering shutdown blocker for XPIProvider
1499677766582	addons.manager	DEBUG	Provider finished startup: XPIProvider
1499677766582	addons.manager	DEBUG	Starting provider: LightweightThemeManager
1499677766582	addons.manager	DEBUG	Registering shutdown blocker for LightweightThemeManager
1499677766582	addons.manager	DEBUG	Provider finished startup: LightweightThemeManager
1499677766582	addons.manager	DEBUG	Starting provider: GMPProvider
1499677766586	addons.manager	DEBUG	Registering shutdown blocker for GMPProvider
1499677766586	addons.manager	DEBUG	Provider finished startup: GMPProvider
1499677766586	addons.manager	DEBUG	Starting provider: PluginProvider
1499677766586	addons.manager	DEBUG	Registering shutdown blocker for PluginProvider
1499677766586	addons.manager	DEBUG	Provider finished startup: PluginProvider
1499677766587	addons.manager	DEBUG	Completed startup sequence
1499677769331	addons.manager	DEBUG	Starting provider: <unnamed-provider>
1499677769331	addons.manager	DEBUG	Registering shutdown blocker for <unnamed-provider>
1499677769332	addons.manager	DEBUG	Provider finished startup: <unnamed-provider>
1499677769590	DeferredSave.extensions.json	DEBUG	Write succeeded
1499677769590	addons.xpi-utils	DEBUG	XPI Database saved, setting schema version preference to 19
1499677769590	DeferredSave.extensions.json	DEBUG	Starting timer
1499677769597	addons.repository	DEBUG	No addons.json found.
1499677769598	DeferredSave.addons.json	DEBUG	Save changes
1499677769599	DeferredSave.addons.json	DEBUG	Starting timer
1499677769644	addons.manager	DEBUG	Starting provider: PreviousExperimentProvider
1499677769644	addons.manager	DEBUG	Registering shutdown blocker for PreviousExperimentProvider
1499677769644	addons.manager	DEBUG	Provider finished startup: PreviousExperimentProvider
1499677769647	DeferredSave.extensions.json	DEBUG	Starting write
1499677769658	DeferredSave.addons.json	DEBUG	Starting write
1499677769665	DeferredSave.extensions.json	DEBUG	Write succeeded
1499677769670	DeferredSave.addons.json	DEBUG	Write succeeded
1499677800183	addons.xpi	DEBUG	Calling bootstrap method shutdown on webcompat@mozilla.org version 1.1
1499677800184	addons.xpi	DEBUG	Calling bootstrap method shutdown on screenshots@mozilla.org version 6.6.0
1499677800184	addons.xpi	DEBUG	Calling bootstrap method shutdown on firefox@getpocket.com version 1.0.5
1499677800185	addons.xpi	DEBUG	Calling bootstrap method shutdown on e10srollout@mozilla.org version 1.50
1499677800185	addons.xpi	DEBUG	Calling bootstrap method shutdown on aushelper@mozilla.org version 2.0
[GPU 13812] WARNING: pipe error: 109: file c:/builds/moz2_slave/m-rel-w32-00000000000000000000/build/src/ipc/chromium/src/chrome/common/ipc_channel_win.cc, line 346
[Child 9128] WARNING: pipe error: 109: file c:/builds/moz2_slave/m-rel-w32-00000000000000000000/build/src/ipc/chromium/src/chrome/common/ipc_channel_win.cc, line 346
1499677800528	addons.manager	DEBUG	shutdown
1499677800528	addons.manager	DEBUG	Calling shutdown blocker for XPIProvider
1499677800528	addons.xpi	DEBUG	shutdown
1499677800529	addons.xpi-utils	DEBUG	shutdown
1499677800529	addons.manager	DEBUG	Calling shutdown blocker for LightweightThemeManager
1499677800529	addons.manager	DEBUG	Calling shutdown blocker for GMPProvider
1499677800531	addons.manager	DEBUG	Calling shutdown blocker for PluginProvider
1499677800531	addons.manager	DEBUG	Calling shutdown blocker for <unnamed-provider>
1499677800532	addons.manager	DEBUG	Calling shutdown blocker for PreviousExperimentProvider
1499677800534	addons.xpi	DEBUG	Notifying XPI shutdown observers
1499677800536	addons.manager	DEBUG	Async provider shutdown done

###!!! [Child][MessageChannel::SendAndWait] Error: Channel error: cannot send/recv


	at org.openqa.selenium.firefox.internal.NewProfileExtensionConnection.start(NewProfileExtensionConnection.java:112)
	... 31 more
]]>
    </error>
  </testcase> <!-- FindBaidu -->
</testsuite> <!-- testdriever.Baidu -->
