<?xml version="1.0" encoding="UTF-8"?>
<!-- Generated by org.testng.reporters.JUnitReportReporter -->
<testsuite hostname="sha-lri-pc-256" name="testdriever.TestDouBanByName" tests="1" failures="0" timestamp="9 May 2017 08:58:11 GMT" time="22.310" errors="0">
  <testcase name="DoubanByName" time="22.310" classname="testdriever.TestDouBanByName"/>
</testsuite> <!-- testdriever.TestDouBanByName -->
