<?xml version="1.0" encoding="UTF-8"?>
<!-- Generated by org.testng.reporters.JUnitReportReporter -->
<testsuite hostname="admin-PC11" name="TankLearn2.TestngAnnotation" tests="2" failures="0" timestamp="13 Apr 2017 09:05:21 GMT" time="0.005" errors="0">
  <testcase name="testCase1" time="0.003" classname="TankLearn2.TestngAnnotation"/>
  <testcase name="testCase2" time="0.002" classname="TankLearn2.TestngAnnotation"/>
</testsuite> <!-- TankLearn2.TestngAnnotation -->
