<?xml version="1.0" encoding="UTF-8"?>
<!-- Generated by org.testng.reporters.JUnitReportReporter -->
<testsuite hostname="sha-lri-pc-256" name="testdriever.testdriver" tests="1" failures="0" timestamp="10 Jul 2017 09:07:57 GMT" time="6.987" errors="0">
  <testcase name="StartChrome" time="6.987" classname="testdriever.testdriver"/>
</testsuite> <!-- testdriever.testdriver -->
