<?xml version="1.0" encoding="UTF-8"?>
<!-- Generated by org.testng.reporters.JUnitReportReporter -->
<testsuite hostname="sha-lri-pc-256" name="testdriever.TestBiYingById" tests="1" failures="0" timestamp="1 Aug 2017 11:17:01 GMT" time="13.739" errors="0">
  <testcase name="FindById" time="13.739" classname="testdriever.TestBiYingById"/>
</testsuite> <!-- testdriever.TestBiYingById -->
